<?xml version="1.0" encoding="UTF-8"?>
<testng-results ignored="0" total="1" passed="1" failed="0" skipped="0">
  <reporter-output>
  </reporter-output>
  <suite started-at="2024-02-03T14:40:21 IST" name="Default suite" finished-at="2024-02-03T14:40:46 IST" duration-ms="25310">
    <groups>
    </groups>
    <test started-at="2024-02-03T14:40:21 IST" name="Default test" finished-at="2024-02-03T14:40:46 IST" duration-ms="25310">
      <class name="Lokesh.MobileTesting.SwipeDemo">
        <test-method is-config="true" signature="configureAppium()[pri:0, instance:Lokesh.MobileTesting.SwipeDemo@368247b9]" started-at="2024-02-03T14:40:21 IST" name="configureAppium" finished-at="2024-02-03T14:40:33 IST" duration-ms="12558" status="PASS">
          <reporter-output>
          </reporter-output>
        </test-method> <!-- configureAppium -->
        <test-method signature="testSwipe()[pri:0, instance:Lokesh.MobileTesting.SwipeDemo@368247b9]" started-at="2024-02-03T14:40:34 IST" name="testSwipe" finished-at="2024-02-03T14:40:46 IST" duration-ms="12009" status="PASS">
          <reporter-output>
          </reporter-output>
        </test-method> <!-- testSwipe -->
        <test-method is-config="true" signature="tearDown()[pri:0, instance:Lokesh.MobileTesting.SwipeDemo@368247b9]" started-at="2024-02-03T14:40:46 IST" name="tearDown" finished-at="2024-02-03T14:40:46 IST" duration-ms="682" status="PASS">
          <reporter-output>
          </reporter-output>
        </test-method> <!-- tearDown -->
      </class> <!-- Lokesh.MobileTesting.SwipeDemo -->
    </test> <!-- Default test -->
  </suite> <!-- Default suite -->
</testng-results>
